Removed world/.idea/.gitignore: not used
Removed world/.idea/misc.xml: not used
Removed world/.idea/modules.xml: not used
Removed world/.idea/runConfigurations.xml: not used
Removed world/.idea/workspace.xml: not used
Removed world/.idea/?6?k?ltt?r?6Chainsaw?cNinja?ktt (Bolt)-59.iml: not used
Removed world/DIM-1/data/raids.dat: not used
Removed world/entities/r.-2.-1.mca: 0 size
Removed world/entities/r.-2.-2.mca: 0 size
Removed world/entities/r.-2.0.mca: 0 size
Removed world/entities/r.0.-2.mca: 0 size
Removed world/entities/r.1.-1.mca: 0 size
Removed world/entities/r.1.-2.mca: 0 size
Removed world/entities/r.1.0.mca: 0 size
Removed world/gc-logs/gc-20230318_1719.log: not used
Removed world/gc-logs/gc-20230319_0222.log: not used
Removed world/playerdata/3184a2a5-8544-4135-89ec-e63fd7a3f12f.dat_old: not used
Removed world/playerdata/43bf3994-5472-4f02-a2e3-bd5c4ff69765.dat_old: not used
Removed world/playerdata/982d4b28-048e-47e7-9d97-10922bea6762.dat_old: not used
Removed world/playerdata/a648628b-c8fb-4041-9429-604da9f6cb21.dat_old: not used
Removed world/poi/r.-1.-2.mca: 0 size
Removed world/poi/r.-1.1.mca: 0 size
Removed world/poi/r.-2.-1.mca: 0 size
Removed world/poi/r.-2.-2.mca: 0 size
Removed world/poi/r.-2.0.mca: 0 size
Removed world/poi/r.0.-2.mca: 0 size
Removed world/poi/r.0.1.mca: 0 size
Removed world/poi/r.1.-1.mca: 0 size
Removed world/poi/r.1.-2.mca: 0 size
Removed world/poi/r.1.0.mca: 0 size
Validated 958 files, 928 accepted, 30 rejected.
